[START] 2026-01-17T08:16:21Z bridge=br0 duration=600 interval=1
[INFO] Delay log path: /home/ovs/sdn-iot/pengujian/delay_log.csv
[INFO] Output dataset : /home/ovs/sdn-iot/pengujian/allport/dataset_dqn.csv
[PROGRESS] ts=2026-01-17T08:16:21Z rows=1 delay(dht11)=5.426 delay(camera)=6.127 delay(max)=5.450
[PROGRESS] ts=2026-01-17T08:16:22Z rows=2 delay(dht11)=5.492 delay(camera)=5.752 delay(max)=5.450
[PROGRESS] ts=2026-01-17T08:16:23Z rows=3 delay(dht11)=5.449 delay(camera)=5.752 delay(max)=5.423
[PROGRESS] ts=2026-01-17T08:16:24Z rows=4 delay(dht11)=5.428 delay(camera)=5.752 delay(max)=5.423
[PROGRESS] ts=2026-01-17T08:16:25Z rows=5 delay(dht11)=5.394 delay(camera)=5.752 delay(max)=5.419
[PROGRESS] ts=2026-01-17T08:16:27Z rows=6 delay(dht11)=5.604 delay(camera)=5.919 delay(max)=5.419
[PROGRESS] ts=2026-01-17T08:16:28Z rows=7 delay(dht11)=5.417 delay(camera)=5.919 delay(max)=5.419
[PROGRESS] ts=2026-01-17T08:16:29Z rows=8 delay(dht11)=5.415 delay(camera)=5.919 delay(max)=5.393
[PROGRESS] ts=2026-01-17T08:16:30Z rows=9 delay(dht11)=5.397 delay(camera)=5.919 delay(max)=5.393
[PROGRESS] ts=2026-01-17T08:16:31Z rows=10 delay(dht11)=5.399 delay(camera)=5.919 delay(max)=5.393
[PROGRESS] ts=2026-01-17T08:16:32Z rows=11 delay(dht11)=5.399 delay(camera)=6.514 delay(max)=5.512
[PROGRESS] ts=2026-01-17T08:16:33Z rows=12 delay(dht11)=9.135 delay(camera)=6.514 delay(max)=5.512
[PROGRESS] ts=2026-01-17T08:16:34Z rows=13 delay(dht11)=6.457 delay(camera)=6.514 delay(max)=5.381
[PROGRESS] ts=2026-01-17T08:16:36Z rows=14 delay(dht11)=5.498 delay(camera)=6.514 delay(max)=5.381
[PROGRESS] ts=2026-01-17T08:16:37Z rows=15 delay(dht11)=5.690 delay(camera)=5.699 delay(max)=5.381
[PROGRESS] ts=2026-01-17T08:16:38Z rows=16 delay(dht11)=5.385 delay(camera)=5.699 delay(max)=5.360
[PROGRESS] ts=2026-01-17T08:16:39Z rows=17 delay(dht11)=5.366 delay(camera)=5.699 delay(max)=5.360
[PROGRESS] ts=2026-01-17T08:16:40Z rows=18 delay(dht11)=5.350 delay(camera)=5.699 delay(max)=5.360
[PROGRESS] ts=2026-01-17T08:16:41Z rows=19 delay(dht11)=5.369 delay(camera)=5.718 delay(max)=5.507
[PROGRESS] ts=2026-01-17T08:16:42Z rows=20 delay(dht11)=5.558 delay(camera)=5.758 delay(max)=5.507
[PROGRESS] ts=2026-01-17T08:16:43Z rows=21 delay(dht11)=5.628 delay(camera)=5.758 delay(max)=5.399
[PROGRESS] ts=2026-01-17T08:16:45Z rows=22 delay(dht11)=5.363 delay(camera)=5.758 delay(max)=5.399
[PROGRESS] ts=2026-01-17T08:16:46Z rows=23 delay(dht11)=6.047 delay(camera)=5.758 delay(max)=5.399
[PROGRESS] ts=2026-01-17T08:16:47Z rows=24 delay(dht11)=5.470 delay(camera)=5.549 delay(max)=5.393
[PROGRESS] ts=2026-01-17T08:16:48Z rows=25 delay(dht11)=5.369 delay(camera)=5.549 delay(max)=5.393
[PROGRESS] ts=2026-01-17T08:16:49Z rows=26 delay(dht11)=6.382 delay(camera)=5.549 delay(max)=5.393
[PROGRESS] ts=2026-01-17T08:16:50Z rows=27 delay(dht11)=5.344 delay(camera)=5.549 delay(max)=7.886
[PROGRESS] ts=2026-01-17T08:16:51Z rows=28 delay(dht11)=5.330 delay(camera)=5.856 delay(max)=7.886
[PROGRESS] ts=2026-01-17T08:16:52Z rows=29 delay(dht11)=5.307 delay(camera)=5.856 delay(max)=5.316
[PROGRESS] ts=2026-01-17T08:16:54Z rows=30 delay(dht11)=5.316 delay(camera)=5.856 delay(max)=5.316
[PROGRESS] ts=2026-01-17T08:16:55Z rows=31 delay(dht11)=5.305 delay(camera)=5.824 delay(max)=5.316
[PROGRESS] ts=2026-01-17T08:16:56Z rows=32 delay(dht11)=5.374 delay(camera)=5.824 delay(max)=5.294
[PROGRESS] ts=2026-01-17T08:16:57Z rows=33 delay(dht11)=5.364 delay(camera)=5.824 delay(max)=5.294
[PROGRESS] ts=2026-01-17T08:16:58Z rows=34 delay(dht11)=5.291 delay(camera)=5.824 delay(max)=5.294
[PROGRESS] ts=2026-01-17T08:16:59Z rows=35 delay(dht11)=5.306 delay(camera)=5.824 delay(max)=5.298
[PROGRESS] ts=2026-01-17T08:17:00Z rows=36 delay(dht11)=5.338 delay(camera)=6.182 delay(max)=5.298
[PROGRESS] ts=2026-01-17T08:17:01Z rows=37 delay(dht11)=5.252 delay(camera)=6.182 delay(max)=5.353
[PROGRESS] ts=2026-01-17T08:17:03Z rows=38 delay(dht11)=5.287 delay(camera)=6.182 delay(max)=5.353
[PROGRESS] ts=2026-01-17T08:17:04Z rows=39 delay(dht11)=5.277 delay(camera)=6.182 delay(max)=5.353
[PROGRESS] ts=2026-01-17T08:17:05Z rows=40 delay(dht11)=5.240 delay(camera)=5.633 delay(max)=5.282
[PROGRESS] ts=2026-01-17T08:17:06Z rows=41 delay(dht11)=5.245 delay(camera)=5.633 delay(max)=5.282
[PROGRESS] ts=2026-01-17T08:17:07Z rows=42 delay(dht11)=5.375 delay(camera)=5.633 delay(max)=5.282
[PROGRESS] ts=2026-01-17T08:17:08Z rows=43 delay(dht11)=5.317 delay(camera)=5.643 delay(max)=6.067
[PROGRESS] ts=2026-01-17T08:17:09Z rows=44 delay(dht11)=5.385 delay(camera)=5.643 delay(max)=6.067
[PROGRESS] ts=2026-01-17T08:17:10Z rows=45 delay(dht11)=5.300 delay(camera)=5.549 delay(max)=5.458
[PROGRESS] ts=2026-01-17T08:17:12Z rows=46 delay(dht11)=5.268 delay(camera)=5.549 delay(max)=5.458
[PROGRESS] ts=2026-01-17T08:17:13Z rows=47 delay(dht11)=5.294 delay(camera)=5.549 delay(max)=5.458
[PROGRESS] ts=2026-01-17T08:17:14Z rows=48 delay(dht11)=5.261 delay(camera)=5.697 delay(max)=5.255
[PROGRESS] ts=2026-01-17T08:17:15Z rows=49 delay(dht11)=5.258 delay(camera)=5.697 delay(max)=5.255
[PROGRESS] ts=2026-01-17T08:17:16Z rows=50 delay(dht11)=5.272 delay(camera)=5.697 delay(max)=5.255
[PROGRESS] ts=2026-01-17T08:17:17Z rows=51 delay(dht11)=5.271 delay(camera)=5.697 delay(max)=5.310
[PROGRESS] ts=2026-01-17T08:17:18Z rows=52 delay(dht11)=5.227 delay(camera)=5.514 delay(max)=5.310
[PROGRESS] ts=2026-01-17T08:17:19Z rows=53 delay(dht11)=5.251 delay(camera)=5.514 delay(max)=5.267
[PROGRESS] ts=2026-01-17T08:17:21Z rows=54 delay(dht11)=5.294 delay(camera)=5.624 delay(max)=5.267
[PROGRESS] ts=2026-01-17T08:17:22Z rows=55 delay(dht11)=5.360 delay(camera)=5.624 delay(max)=5.267
[PROGRESS] ts=2026-01-17T08:17:23Z rows=56 delay(dht11)=5.304 delay(camera)=5.624 delay(max)=5.270
[PROGRESS] ts=2026-01-17T08:17:24Z rows=57 delay(dht11)=5.282 delay(camera)=5.568 delay(max)=5.270
[PROGRESS] ts=2026-01-17T08:17:25Z rows=58 delay(dht11)=5.233 delay(camera)=5.428 delay(max)=5.270
[PROGRESS] ts=2026-01-17T08:17:26Z rows=59 delay(dht11)=5.232 delay(camera)=5.428 delay(max)=5.491
[PROGRESS] ts=2026-01-17T08:17:27Z rows=60 delay(dht11)=5.258 delay(camera)=5.848 delay(max)=5.491
[PROGRESS] ts=2026-01-17T08:17:28Z rows=61 delay(dht11)=5.267 delay(camera)=5.848 delay(max)=5.256
[PROGRESS] ts=2026-01-17T08:17:30Z rows=62 delay(dht11)=5.266 delay(camera)=5.848 delay(max)=5.256
[PROGRESS] ts=2026-01-17T08:17:31Z rows=63 delay(dht11)=5.316 delay(camera)=5.569 delay(max)=5.256
[PROGRESS] ts=2026-01-17T08:17:32Z rows=64 delay(dht11)=5.208 delay(camera)=5.569 delay(max)=5.216
[PROGRESS] ts=2026-01-17T08:17:33Z rows=65 delay(dht11)=5.270 delay(camera)=5.488 delay(max)=5.216
[PROGRESS] ts=2026-01-17T08:17:34Z rows=66 delay(dht11)=5.217 delay(camera)=5.488 delay(max)=5.216
[PROGRESS] ts=2026-01-17T08:17:35Z rows=67 delay(dht11)=5.262 delay(camera)=5.488 delay(max)=5.253
[PROGRESS] ts=2026-01-17T08:17:36Z rows=68 delay(dht11)=5.207 delay(camera)=5.723 delay(max)=5.253
[PROGRESS] ts=2026-01-17T08:17:37Z rows=69 delay(dht11)=5.232 delay(camera)=5.560 delay(max)=5.219
[PROGRESS] ts=2026-01-17T08:17:39Z rows=70 delay(dht11)=5.468 delay(camera)=5.560 delay(max)=5.219
[PROGRESS] ts=2026-01-17T08:17:40Z rows=71 delay(dht11)=5.208 delay(camera)=5.560 delay(max)=5.219
[PROGRESS] ts=2026-01-17T08:17:41Z rows=72 delay(dht11)=5.310 delay(camera)=5.828 delay(max)=5.237
[PROGRESS] ts=2026-01-17T08:17:42Z rows=73 delay(dht11)=5.220 delay(camera)=5.828 delay(max)=5.237
[PROGRESS] ts=2026-01-17T08:17:43Z rows=74 delay(dht11)=5.178 delay(camera)=5.828 delay(max)=5.237
[PROGRESS] ts=2026-01-17T08:17:44Z rows=75 delay(dht11)=5.255 delay(camera)=5.679 delay(max)=5.209
[PROGRESS] ts=2026-01-17T08:17:45Z rows=76 delay(dht11)=5.220 delay(camera)=5.679 delay(max)=5.209
[PROGRESS] ts=2026-01-17T08:17:46Z rows=77 delay(dht11)=5.195 delay(camera)=5.679 delay(max)=5.195
[PROGRESS] ts=2026-01-17T08:17:48Z rows=78 delay(dht11)=5.214 delay(camera)=5.663 delay(max)=5.195
[PROGRESS] ts=2026-01-17T08:17:49Z rows=79 delay(dht11)=5.305 delay(camera)=5.484 delay(max)=5.195
[PROGRESS] ts=2026-01-17T08:17:50Z rows=80 delay(dht11)=5.209 delay(camera)=5.484 delay(max)=5.205
[PROGRESS] ts=2026-01-17T08:17:51Z rows=81 delay(dht11)=5.633 delay(camera)=5.484 delay(max)=5.205
[PROGRESS] ts=2026-01-17T08:17:52Z rows=82 delay(dht11)=5.246 delay(camera)=5.484 delay(max)=5.205
[PROGRESS] ts=2026-01-17T08:17:53Z rows=83 delay(dht11)=5.363 delay(camera)=5.484 delay(max)=5.217
[PROGRESS] ts=2026-01-17T08:17:54Z rows=84 delay(dht11)=5.190 delay(camera)=5.673 delay(max)=5.217
[PROGRESS] ts=2026-01-17T08:17:55Z rows=85 delay(dht11)=5.200 delay(camera)=5.541 delay(max)=5.180
[PROGRESS] ts=2026-01-17T08:17:57Z rows=86 delay(dht11)=5.178 delay(camera)=5.541 delay(max)=5.180
[PROGRESS] ts=2026-01-17T08:17:58Z rows=87 delay(dht11)=5.233 delay(camera)=5.541 delay(max)=5.180
[PROGRESS] ts=2026-01-17T08:17:59Z rows=88 delay(dht11)=5.197 delay(camera)=5.541 delay(max)=5.208
[PROGRESS] ts=2026-01-17T08:18:00Z rows=89 delay(dht11)=5.182 delay(camera)=5.650 delay(max)=5.208
[PROGRESS] ts=2026-01-17T08:18:01Z rows=90 delay(dht11)=5.227 delay(camera)=5.650 delay(max)=5.208
[PROGRESS] ts=2026-01-17T08:18:02Z rows=91 delay(dht11)=5.199 delay(camera)=5.650 delay(max)=5.178
[PROGRESS] ts=2026-01-17T08:18:03Z rows=92 delay(dht11)=5.193 delay(camera)=5.672 delay(max)=5.178
[PROGRESS] ts=2026-01-17T08:18:04Z rows=93 delay(dht11)=5.191 delay(camera)=5.672 delay(max)=5.215
[PROGRESS] ts=2026-01-17T08:18:06Z rows=94 delay(dht11)=5.176 delay(camera)=5.672 delay(max)=5.215
[PROGRESS] ts=2026-01-17T08:18:07Z rows=95 delay(dht11)=5.183 delay(camera)=5.758 delay(max)=5.215
[PROGRESS] ts=2026-01-17T08:18:08Z rows=96 delay(dht11)=5.160 delay(camera)=5.758 delay(max)=5.163
[PROGRESS] ts=2026-01-17T08:18:09Z rows=97 delay(dht11)=5.215 delay(camera)=5.758 delay(max)=5.163
[PROGRESS] ts=2026-01-17T08:18:10Z rows=98 delay(dht11)=5.209 delay(camera)=5.421 delay(max)=5.163
[PROGRESS] ts=2026-01-17T08:18:11Z rows=99 delay(dht11)=5.230 delay(camera)=5.421 delay(max)=6.231
[PROGRESS] ts=2026-01-17T08:18:12Z rows=100 delay(dht11)=5.205 delay(camera)=5.421 delay(max)=6.231
[PROGRESS] ts=2026-01-17T08:18:13Z rows=101 delay(dht11)=5.219 delay(camera)=5.421 delay(max)=5.174
[PROGRESS] ts=2026-01-17T08:18:15Z rows=102 delay(dht11)=5.165 delay(camera)=5.838 delay(max)=5.174
[PROGRESS] ts=2026-01-17T08:18:16Z rows=103 delay(dht11)=5.167 delay(camera)=5.838 delay(max)=5.174
[PROGRESS] ts=2026-01-17T08:18:17Z rows=104 delay(dht11)=5.159 delay(camera)=5.440 delay(max)=5.834
[PROGRESS] ts=2026-01-17T08:18:18Z rows=105 delay(dht11)=5.161 delay(camera)=5.440 delay(max)=5.834
[PROGRESS] ts=2026-01-17T08:18:19Z rows=106 delay(dht11)=5.196 delay(camera)=6.793 delay(max)=5.834
[PROGRESS] ts=2026-01-17T08:18:20Z rows=107 delay(dht11)=5.139 delay(camera)=6.522 delay(max)=5.190
[PROGRESS] ts=2026-01-17T08:18:21Z rows=108 delay(dht11)=5.197 delay(camera)=7.854 delay(max)=5.190
[PROGRESS] ts=2026-01-17T08:18:22Z rows=109 delay(dht11)=5.181 delay(camera)=7.854 delay(max)=5.154
[PROGRESS] ts=2026-01-17T08:18:24Z rows=110 delay(dht11)=5.172 delay(camera)=5.995 delay(max)=5.154
[PROGRESS] ts=2026-01-17T08:18:25Z rows=111 delay(dht11)=5.285 delay(camera)=5.995 delay(max)=5.154
[PROGRESS] ts=2026-01-17T08:18:26Z rows=112 delay(dht11)=5.154 delay(camera)=5.995 delay(max)=5.190
[PROGRESS] ts=2026-01-17T08:18:27Z rows=113 delay(dht11)=5.171 delay(camera)=5.995 delay(max)=5.190
[PROGRESS] ts=2026-01-17T08:18:28Z rows=114 delay(dht11)=5.185 delay(camera)=5.995 delay(max)=5.190
[PROGRESS] ts=2026-01-17T08:18:29Z rows=115 delay(dht11)=5.119 delay(camera)=5.457 delay(max)=5.218
[PROGRESS] ts=2026-01-17T08:18:30Z rows=116 delay(dht11)=5.132 delay(camera)=5.544 delay(max)=5.218
[PROGRESS] ts=2026-01-17T08:18:32Z rows=117 delay(dht11)=5.267 delay(camera)=5.544 delay(max)=5.157
[PROGRESS] ts=2026-01-17T08:18:33Z rows=118 delay(dht11)=5.223 delay(camera)=5.544 delay(max)=5.157
[PROGRESS] ts=2026-01-17T08:18:34Z rows=119 delay(dht11)=5.122 delay(camera)=5.544 delay(max)=5.157
[PROGRESS] ts=2026-01-17T08:18:35Z rows=120 delay(dht11)=5.142 delay(camera)=5.478 delay(max)=5.176
[PROGRESS] ts=2026-01-17T08:18:36Z rows=121 delay(dht11)=5.164 delay(camera)=5.478 delay(max)=5.176
[PROGRESS] ts=2026-01-17T08:18:37Z rows=122 delay(dht11)=5.153 delay(camera)=5.478 delay(max)=5.176
[PROGRESS] ts=2026-01-17T08:18:38Z rows=123 delay(dht11)=5.144 delay(camera)=5.478 delay(max)=5.431
[PROGRESS] ts=2026-01-17T08:18:39Z rows=124 delay(dht11)=5.161 delay(camera)=5.547 delay(max)=5.431
[PROGRESS] ts=2026-01-17T08:18:41Z rows=125 delay(dht11)=5.196 delay(camera)=5.547 delay(max)=5.176
[PROGRESS] ts=2026-01-17T08:18:42Z rows=126 delay(dht11)=5.127 delay(camera)=5.547 delay(max)=5.176
[PROGRESS] ts=2026-01-17T08:18:43Z rows=127 delay(dht11)=5.645 delay(camera)=5.547 delay(max)=5.176
[PROGRESS] ts=2026-01-17T08:18:44Z rows=128 delay(dht11)=5.154 delay(camera)=5.921 delay(max)=5.250
[PROGRESS] ts=2026-01-17T08:18:45Z rows=129 delay(dht11)=5.204 delay(camera)=5.921 delay(max)=5.250
[PROGRESS] ts=2026-01-17T08:18:46Z rows=130 delay(dht11)=5.147 delay(camera)=5.921 delay(max)=5.250
[PROGRESS] ts=2026-01-17T08:18:47Z rows=131 delay(dht11)=5.143 delay(camera)=5.921 delay(max)=5.144
[PROGRESS] ts=2026-01-17T08:18:48Z rows=132 delay(dht11)=5.155 delay(camera)=5.353 delay(max)=5.144
[PROGRESS] ts=2026-01-17T08:18:50Z rows=133 delay(dht11)=5.639 delay(camera)=5.353 delay(max)=5.138
[PROGRESS] ts=2026-01-17T08:18:51Z rows=134 delay(dht11)=5.129 delay(camera)=5.353 delay(max)=5.138
[PROGRESS] ts=2026-01-17T08:18:52Z rows=135 delay(dht11)=5.167 delay(camera)=5.361 delay(max)=5.138
[PROGRESS] ts=2026-01-17T08:18:53Z rows=136 delay(dht11)=5.146 delay(camera)=5.661 delay(max)=5.130
[PROGRESS] ts=2026-01-17T08:18:54Z rows=137 delay(dht11)=5.130 delay(camera)=5.661 delay(max)=5.130
[PROGRESS] ts=2026-01-17T08:18:55Z rows=138 delay(dht11)=5.149 delay(camera)=5.661 delay(max)=5.130
[PROGRESS] ts=2026-01-17T08:18:56Z rows=139 delay(dht11)=5.187 delay(camera)=5.479 delay(max)=5.131
[PROGRESS] ts=2026-01-17T08:18:57Z rows=140 delay(dht11)=5.141 delay(camera)=5.544 delay(max)=5.131
[PROGRESS] ts=2026-01-17T08:18:59Z rows=141 delay(dht11)=5.145 delay(camera)=5.544 delay(max)=5.147
[PROGRESS] ts=2026-01-17T08:19:00Z rows=142 delay(dht11)=5.121 delay(camera)=5.544 delay(max)=5.147
[PROGRESS] ts=2026-01-17T08:19:01Z rows=143 delay(dht11)=5.181 delay(camera)=5.544 delay(max)=5.147
[PROGRESS] ts=2026-01-17T08:19:02Z rows=144 delay(dht11)=5.195 delay(camera)=5.340 delay(max)=5.131
[PROGRESS] ts=2026-01-17T08:19:03Z rows=145 delay(dht11)=5.119 delay(camera)=5.340 delay(max)=5.131
[PROGRESS] ts=2026-01-17T08:19:04Z rows=146 delay(dht11)=5.119 delay(camera)=5.515 delay(max)=5.165
[PROGRESS] ts=2026-01-17T08:19:05Z rows=147 delay(dht11)=5.150 delay(camera)=5.515 delay(max)=5.165
[PROGRESS] ts=2026-01-17T08:19:07Z rows=148 delay(dht11)=5.270 delay(camera)=5.515 delay(max)=5.165
[PROGRESS] ts=2026-01-17T08:19:08Z rows=149 delay(dht11)=5.127 delay(camera)=5.515 delay(max)=5.214
[PROGRESS] ts=2026-01-17T08:19:09Z rows=150 delay(dht11)=5.122 delay(camera)=5.469 delay(max)=5.214
[PROGRESS] ts=2026-01-17T08:19:10Z rows=151 delay(dht11)=5.337 delay(camera)=5.469 delay(max)=5.214
[PROGRESS] ts=2026-01-17T08:19:11Z rows=152 delay(dht11)=5.117 delay(camera)=5.469 delay(max)=5.184
[PROGRESS] ts=2026-01-17T08:19:12Z rows=153 delay(dht11)=5.148 delay(camera)=5.469 delay(max)=5.184
[PROGRESS] ts=2026-01-17T08:19:13Z rows=154 delay(dht11)=5.431 delay(camera)=5.383 delay(max)=5.218
[PROGRESS] ts=2026-01-17T08:19:14Z rows=155 delay(dht11)=5.186 delay(camera)=5.383 delay(max)=5.218
[PROGRESS] ts=2026-01-17T08:19:15Z rows=156 delay(dht11)=5.144 delay(camera)=5.383 delay(max)=5.218
[PROGRESS] ts=2026-01-17T08:19:17Z rows=157 delay(dht11)=5.128 delay(camera)=5.378 delay(max)=5.113
[PROGRESS] ts=2026-01-17T08:19:18Z rows=158 delay(dht11)=5.206 delay(camera)=5.378 delay(max)=5.113
[PROGRESS] ts=2026-01-17T08:19:19Z rows=159 delay(dht11)=5.185 delay(camera)=5.378 delay(max)=5.113
[PROGRESS] ts=2026-01-17T08:19:20Z rows=160 delay(dht11)=5.149 delay(camera)=5.378 delay(max)=5.118
[PROGRESS] ts=2026-01-17T08:19:21Z rows=161 delay(dht11)=5.147 delay(camera)=5.378 delay(max)=5.118
[PROGRESS] ts=2026-01-17T08:19:22Z rows=162 delay(dht11)=5.117 delay(camera)=5.553 delay(max)=5.128
[PROGRESS] ts=2026-01-17T08:19:23Z rows=163 delay(dht11)=5.218 delay(camera)=5.553 delay(max)=5.128
[PROGRESS] ts=2026-01-17T08:19:25Z rows=164 delay(dht11)=5.140 delay(camera)=5.553 delay(max)=5.128
[PROGRESS] ts=2026-01-17T08:19:26Z rows=165 delay(dht11)=5.175 delay(camera)=5.553 delay(max)=5.111
[PROGRESS] ts=2026-01-17T08:19:27Z rows=166 delay(dht11)=5.167 delay(camera)=5.547 delay(max)=5.111
[PROGRESS] ts=2026-01-17T08:19:28Z rows=167 delay(dht11)=5.118 delay(camera)=5.547 delay(max)=5.111
[PROGRESS] ts=2026-01-17T08:19:29Z rows=168 delay(dht11)=5.095 delay(camera)=5.547 delay(max)=5.115
[PROGRESS] ts=2026-01-17T08:19:30Z rows=169 delay(dht11)=5.132 delay(camera)=5.547 delay(max)=5.115
[PROGRESS] ts=2026-01-17T08:19:31Z rows=170 delay(dht11)=5.111 delay(camera)=5.547 delay(max)=5.121
[PROGRESS] ts=2026-01-17T08:19:32Z rows=171 delay(dht11)=5.111 delay(camera)=5.567 delay(max)=5.121
[PROGRESS] ts=2026-01-17T08:19:34Z rows=172 delay(dht11)=5.122 delay(camera)=5.567 delay(max)=5.121
[PROGRESS] ts=2026-01-17T08:19:35Z rows=173 delay(dht11)=5.117 delay(camera)=5.567 delay(max)=5.085
[PROGRESS] ts=2026-01-17T08:19:36Z rows=174 delay(dht11)=5.144 delay(camera)=5.532 delay(max)=5.085
[PROGRESS] ts=2026-01-17T08:19:37Z rows=175 delay(dht11)=5.397 delay(camera)=5.532 delay(max)=5.085
[PROGRESS] ts=2026-01-17T08:19:38Z rows=176 delay(dht11)=5.279 delay(camera)=5.355 delay(max)=5.240
[PROGRESS] ts=2026-01-17T08:19:39Z rows=177 delay(dht11)=5.125 delay(camera)=5.512 delay(max)=5.240
[PROGRESS] ts=2026-01-17T08:19:40Z rows=178 delay(dht11)=5.125 delay(camera)=5.512 delay(max)=5.384
[PROGRESS] ts=2026-01-17T08:19:41Z rows=179 delay(dht11)=5.115 delay(camera)=5.512 delay(max)=5.384
[PROGRESS] ts=2026-01-17T08:19:42Z rows=180 delay(dht11)=5.366 delay(camera)=5.517 delay(max)=5.384
[PROGRESS] ts=2026-01-17T08:19:44Z rows=181 delay(dht11)=5.177 delay(camera)=5.517 delay(max)=5.110
[PROGRESS] ts=2026-01-17T08:19:45Z rows=182 delay(dht11)=5.097 delay(camera)=5.517 delay(max)=5.110
[PROGRESS] ts=2026-01-17T08:19:46Z rows=183 delay(dht11)=5.109 delay(camera)=5.517 delay(max)=5.110
[PROGRESS] ts=2026-01-17T08:19:47Z rows=184 delay(dht11)=5.119 delay(camera)=5.745 delay(max)=5.131
[PROGRESS] ts=2026-01-17T08:19:48Z rows=185 delay(dht11)=5.115 delay(camera)=5.745 delay(max)=5.131
[PROGRESS] ts=2026-01-17T08:19:49Z rows=186 delay(dht11)=5.096 delay(camera)=5.745 delay(max)=5.105
[PROGRESS] ts=2026-01-17T08:19:50Z rows=187 delay(dht11)=5.089 delay(camera)=5.332 delay(max)=5.105
[PROGRESS] ts=2026-01-17T08:19:51Z rows=188 delay(dht11)=5.152 delay(camera)=5.332 delay(max)=5.105
[PROGRESS] ts=2026-01-17T08:19:53Z rows=189 delay(dht11)=5.118 delay(camera)=5.332 delay(max)=5.172
[PROGRESS] ts=2026-01-17T08:19:54Z rows=190 delay(dht11)=5.080 delay(camera)=5.332 delay(max)=5.172
[PROGRESS] ts=2026-01-17T08:19:55Z rows=191 delay(dht11)=5.123 delay(camera)=5.599 delay(max)=5.172
[PROGRESS] ts=2026-01-17T08:19:56Z rows=192 delay(dht11)=5.104 delay(camera)=5.493 delay(max)=5.131
[PROGRESS] ts=2026-01-17T08:19:57Z rows=193 delay(dht11)=5.088 delay(camera)=5.493 delay(max)=5.131
[PROGRESS] ts=2026-01-17T08:19:58Z rows=194 delay(dht11)=5.219 delay(camera)=5.994 delay(max)=5.100
[PROGRESS] ts=2026-01-17T08:19:59Z rows=195 delay(dht11)=5.111 delay(camera)=5.994 delay(max)=5.100
[PROGRESS] ts=2026-01-17T08:20:01Z rows=196 delay(dht11)=5.135 delay(camera)=5.994 delay(max)=5.100
[PROGRESS] ts=2026-01-17T08:20:02Z rows=197 delay(dht11)=5.067 delay(camera)=5.994 delay(max)=5.095
[PROGRESS] ts=2026-01-17T08:20:03Z rows=198 delay(dht11)=5.084 delay(camera)=5.666 delay(max)=5.095
[PROGRESS] ts=2026-01-17T08:20:04Z rows=199 delay(dht11)=5.126 delay(camera)=5.483 delay(max)=5.095
[PROGRESS] ts=2026-01-17T08:20:05Z rows=200 delay(dht11)=5.069 delay(camera)=5.483 delay(max)=5.106
[PROGRESS] ts=2026-01-17T08:20:06Z rows=201 delay(dht11)=5.097 delay(camera)=5.483 delay(max)=5.106
[PROGRESS] ts=2026-01-17T08:20:07Z rows=202 delay(dht11)=5.130 delay(camera)=5.483 delay(max)=5.091
[PROGRESS] ts=2026-01-17T08:20:08Z rows=203 delay(dht11)=5.075 delay(camera)=5.352 delay(max)=5.091
[PROGRESS] ts=2026-01-17T08:20:10Z rows=204 delay(dht11)=5.079 delay(camera)=5.352 delay(max)=5.091
[PROGRESS] ts=2026-01-17T08:20:11Z rows=205 delay(dht11)=5.198 delay(camera)=5.352 delay(max)=5.165
[PROGRESS] ts=2026-01-17T08:20:12Z rows=206 delay(dht11)=5.074 delay(camera)=5.579 delay(max)=5.165
[PROGRESS] ts=2026-01-17T08:20:13Z rows=207 delay(dht11)=5.124 delay(camera)=5.579 delay(max)=5.165
[PROGRESS] ts=2026-01-17T08:20:14Z rows=208 delay(dht11)=5.144 delay(camera)=5.579 delay(max)=5.064
[PROGRESS] ts=2026-01-17T08:20:15Z rows=209 delay(dht11)=5.114 delay(camera)=5.395 delay(max)=5.064
[PROGRESS] ts=2026-01-17T08:20:16Z rows=210 delay(dht11)=5.102 delay(camera)=5.395 delay(max)=5.055
[PROGRESS] ts=2026-01-17T08:20:17Z rows=211 delay(dht11)=5.165 delay(camera)=5.471 delay(max)=5.055
[PROGRESS] ts=2026-01-17T08:20:19Z rows=212 delay(dht11)=5.134 delay(camera)=5.471 delay(max)=5.055
[PROGRESS] ts=2026-01-17T08:20:20Z rows=213 delay(dht11)=5.083 delay(camera)=5.471 delay(max)=5.240
[PROGRESS] ts=2026-01-17T08:20:21Z rows=214 delay(dht11)=5.103 delay(camera)=5.471 delay(max)=5.240
[PROGRESS] ts=2026-01-17T08:20:22Z rows=215 delay(dht11)=5.054 delay(camera)=5.390 delay(max)=5.240
[PROGRESS] ts=2026-01-17T08:20:23Z rows=216 delay(dht11)=5.174 delay(camera)=5.390 delay(max)=5.149
[PROGRESS] ts=2026-01-17T08:20:24Z rows=217 delay(dht11)=5.182 delay(camera)=5.390 delay(max)=5.149
[PROGRESS] ts=2026-01-17T08:20:25Z rows=218 delay(dht11)=5.088 delay(camera)=5.390 delay(max)=5.048
[PROGRESS] ts=2026-01-17T08:20:26Z rows=219 delay(dht11)=5.100 delay(camera)=5.712 delay(max)=5.048
[PROGRESS] ts=2026-01-17T08:20:28Z rows=220 delay(dht11)=5.115 delay(camera)=5.712 delay(max)=5.048
[PROGRESS] ts=2026-01-17T08:20:29Z rows=221 delay(dht11)=5.458 delay(camera)=5.712 delay(max)=5.185
[PROGRESS] ts=2026-01-17T08:20:30Z rows=222 delay(dht11)=5.564 delay(camera)=5.452 delay(max)=5.185
[PROGRESS] ts=2026-01-17T08:20:31Z rows=223 delay(dht11)=5.105 delay(camera)=5.452 delay(max)=5.185
[PROGRESS] ts=2026-01-17T08:20:32Z rows=224 delay(dht11)=5.086 delay(camera)=5.452 delay(max)=5.111
[PROGRESS] ts=2026-01-17T08:20:33Z rows=225 delay(dht11)=5.095 delay(camera)=5.917 delay(max)=5.111
[PROGRESS] ts=2026-01-17T08:20:34Z rows=226 delay(dht11)=5.722 delay(camera)=5.917 delay(max)=6.859
[PROGRESS] ts=2026-01-17T08:20:35Z rows=227 delay(dht11)=5.129 delay(camera)=5.585 delay(max)=6.859
[PROGRESS] ts=2026-01-17T08:20:37Z rows=228 delay(dht11)=5.140 delay(camera)=5.503 delay(max)=6.859
[PROGRESS] ts=2026-01-17T08:20:38Z rows=229 delay(dht11)=5.133 delay(camera)=5.503 delay(max)=5.112
[PROGRESS] ts=2026-01-17T08:20:39Z rows=230 delay(dht11)=5.159 delay(camera)=5.503 delay(max)=5.112
[PROGRESS] ts=2026-01-17T08:20:40Z rows=231 delay(dht11)=5.085 delay(camera)=5.510 delay(max)=5.112
[PROGRESS] ts=2026-01-17T08:20:41Z rows=232 delay(dht11)=5.188 delay(camera)=5.510 delay(max)=5.080
[PROGRESS] ts=2026-01-17T08:20:42Z rows=233 delay(dht11)=5.085 delay(camera)=5.441 delay(max)=5.080
[PROGRESS] ts=2026-01-17T08:20:43Z rows=234 delay(dht11)=5.262 delay(camera)=5.441 delay(max)=5.215
[PROGRESS] ts=2026-01-17T08:20:44Z rows=235 delay(dht11)=5.177 delay(camera)=5.852 delay(max)=5.215
[PROGRESS] ts=2026-01-17T08:20:46Z rows=236 delay(dht11)=5.100 delay(camera)=5.852 delay(max)=5.215
[PROGRESS] ts=2026-01-17T08:20:47Z rows=237 delay(dht11)=5.102 delay(camera)=5.310 delay(max)=5.090
[PROGRESS] ts=2026-01-17T08:20:48Z rows=238 delay(dht11)=5.133 delay(camera)=5.471 delay(max)=5.090
[PROGRESS] ts=2026-01-17T08:20:49Z rows=239 delay(dht11)=5.114 delay(camera)=5.471 delay(max)=5.090
[PROGRESS] ts=2026-01-17T08:20:50Z rows=240 delay(dht11)=5.154 delay(camera)=5.471 delay(max)=5.133
[PROGRESS] ts=2026-01-17T08:20:51Z rows=241 delay(dht11)=5.140 delay(camera)=5.395 delay(max)=5.133
[PROGRESS] ts=2026-01-17T08:20:52Z rows=242 delay(dht11)=5.082 delay(camera)=5.395 delay(max)=5.084
[PROGRESS] ts=2026-01-17T08:20:53Z rows=243 delay(dht11)=5.125 delay(camera)=5.395 delay(max)=5.084
[PROGRESS] ts=2026-01-17T08:20:55Z rows=244 delay(dht11)=5.088 delay(camera)=5.550 delay(max)=5.084
[PROGRESS] ts=2026-01-17T08:20:56Z rows=245 delay(dht11)=5.237 delay(camera)=5.550 delay(max)=5.080
[PROGRESS] ts=2026-01-17T08:20:57Z rows=246 delay(dht11)=5.106 delay(camera)=5.385 delay(max)=5.080
[PROGRESS] ts=2026-01-17T08:20:58Z rows=247 delay(dht11)=5.643 delay(camera)=5.581 delay(max)=5.080
[PROGRESS] ts=2026-01-17T08:20:59Z rows=248 delay(dht11)=5.096 delay(camera)=5.581 delay(max)=5.091
[PROGRESS] ts=2026-01-17T08:21:00Z rows=249 delay(dht11)=5.092 delay(camera)=5.400 delay(max)=5.091
[PROGRESS] ts=2026-01-17T08:21:01Z rows=250 delay(dht11)=5.096 delay(camera)=5.450 delay(max)=5.115
[PROGRESS] ts=2026-01-17T08:21:02Z rows=251 delay(dht11)=5.167 delay(camera)=5.450 delay(max)=5.115
[PROGRESS] ts=2026-01-17T08:21:04Z rows=252 delay(dht11)=5.135 delay(camera)=5.450 delay(max)=5.115
[PROGRESS] ts=2026-01-17T08:21:05Z rows=253 delay(dht11)=5.515 delay(camera)=5.450 delay(max)=5.129
[PROGRESS] ts=2026-01-17T08:21:06Z rows=254 delay(dht11)=5.138 delay(camera)=5.596 delay(max)=5.129
[PROGRESS] ts=2026-01-17T08:21:07Z rows=255 delay(dht11)=5.241 delay(camera)=5.596 delay(max)=5.129
[PROGRESS] ts=2026-01-17T08:21:08Z rows=256 delay(dht11)=5.091 delay(camera)=5.596 delay(max)=5.170
[PROGRESS] ts=2026-01-17T08:21:09Z rows=257 delay(dht11)=5.292 delay(camera)=5.483 delay(max)=5.170
[PROGRESS] ts=2026-01-17T08:21:10Z rows=258 delay(dht11)=5.184 delay(camera)=5.362 delay(max)=5.130
[PROGRESS] ts=2026-01-17T08:21:11Z rows=259 delay(dht11)=5.136 delay(camera)=5.327 delay(max)=5.130
[PROGRESS] ts=2026-01-17T08:21:13Z rows=260 delay(dht11)=5.647 delay(camera)=5.327 delay(max)=5.130
[PROGRESS] ts=2026-01-17T08:21:14Z rows=261 delay(dht11)=5.121 delay(camera)=5.327 delay(max)=5.130
[PROGRESS] ts=2026-01-17T08:21:15Z rows=262 delay(dht11)=5.188 delay(camera)=5.327 delay(max)=5.130
[PROGRESS] ts=2026-01-17T08:21:16Z rows=263 delay(dht11)=5.203 delay(camera)=5.327 delay(max)=5.130
[PROGRESS] ts=2026-01-17T08:21:17Z rows=264 delay(dht11)=5.113 delay(camera)=5.507 delay(max)=5.296
[PROGRESS] ts=2026-01-17T08:21:18Z rows=265 delay(dht11)=5.144 delay(camera)=5.507 delay(max)=5.296
[PROGRESS] ts=2026-01-17T08:21:19Z rows=266 delay(dht11)=5.117 delay(camera)=6.037 delay(max)=5.142
[PROGRESS] ts=2026-01-17T08:21:20Z rows=267 delay(dht11)=5.185 delay(camera)=5.417 delay(max)=5.142
[PROGRESS] ts=2026-01-17T08:21:22Z rows=268 delay(dht11)=5.162 delay(camera)=5.417 delay(max)=5.142
[PROGRESS] ts=2026-01-17T08:21:23Z rows=269 delay(dht11)=5.400 delay(camera)=5.417 delay(max)=5.175
[PROGRESS] ts=2026-01-17T08:21:24Z rows=270 delay(dht11)=5.249 delay(camera)=5.417 delay(max)=5.175
[PROGRESS] ts=2026-01-17T08:21:25Z rows=271 delay(dht11)=5.143 delay(camera)=5.417 delay(max)=5.175
[PROGRESS] ts=2026-01-17T08:21:26Z rows=272 delay(dht11)=5.327 delay(camera)=5.564 delay(max)=5.194
[PROGRESS] ts=2026-01-17T08:21:27Z rows=273 delay(dht11)=5.146 delay(camera)=5.465 delay(max)=5.194
[PROGRESS] ts=2026-01-17T08:21:28Z rows=274 delay(dht11)=5.221 delay(camera)=5.665 delay(max)=5.219
[PROGRESS] ts=2026-01-17T08:21:29Z rows=275 delay(dht11)=5.180 delay(camera)=5.665 delay(max)=5.219
[PROGRESS] ts=2026-01-17T08:21:30Z rows=276 delay(dht11)=5.209 delay(camera)=5.665 delay(max)=5.219
[PROGRESS] ts=2026-01-17T08:21:32Z rows=277 delay(dht11)=5.145 delay(camera)=5.665 delay(max)=5.267
[PROGRESS] ts=2026-01-17T08:21:33Z rows=278 delay(dht11)=5.199 delay(camera)=5.391 delay(max)=5.267
[PROGRESS] ts=2026-01-17T08:21:34Z rows=279 delay(dht11)=5.322 delay(camera)=5.391 delay(max)=5.267
[PROGRESS] ts=2026-01-17T08:21:35Z rows=280 delay(dht11)=5.190 delay(camera)=5.391 delay(max)=5.299
[PROGRESS] ts=2026-01-17T08:21:36Z rows=281 delay(dht11)=5.213 delay(camera)=5.391 delay(max)=5.299
[PROGRESS] ts=2026-01-17T08:21:37Z rows=282 delay(dht11)=5.162 delay(camera)=5.670 delay(max)=5.299
[PROGRESS] ts=2026-01-17T08:21:38Z rows=283 delay(dht11)=5.212 delay(camera)=5.670 delay(max)=5.221
[PROGRESS] ts=2026-01-17T08:21:39Z rows=284 delay(dht11)=5.201 delay(camera)=5.670 delay(max)=5.221
[PROGRESS] ts=2026-01-17T08:21:41Z rows=285 delay(dht11)=5.182 delay(camera)=5.572 delay(max)=5.241
[PROGRESS] ts=2026-01-17T08:21:42Z rows=286 delay(dht11)=5.158 delay(camera)=5.453 delay(max)=5.241
[PROGRESS] ts=2026-01-17T08:21:43Z rows=287 delay(dht11)=5.178 delay(camera)=5.366 delay(max)=5.241
[PROGRESS] ts=2026-01-17T08:21:44Z rows=288 delay(dht11)=5.159 delay(camera)=5.706 delay(max)=5.290
[PROGRESS] ts=2026-01-17T08:21:45Z rows=289 delay(dht11)=5.188 delay(camera)=5.706 delay(max)=5.290
[PROGRESS] ts=2026-01-17T08:21:46Z rows=290 delay(dht11)=5.219 delay(camera)=5.787 delay(max)=5.290
[PROGRESS] ts=2026-01-17T08:21:47Z rows=291 delay(dht11)=5.197 delay(camera)=5.787 delay(max)=5.190
[PROGRESS] ts=2026-01-17T08:21:48Z rows=292 delay(dht11)=5.172 delay(camera)=5.787 delay(max)=5.190
[PROGRESS] ts=2026-01-17T08:21:50Z rows=293 delay(dht11)=5.255 delay(camera)=5.787 delay(max)=5.227
[PROGRESS] ts=2026-01-17T08:21:51Z rows=294 delay(dht11)=5.199 delay(camera)=5.597 delay(max)=5.227
[PROGRESS] ts=2026-01-17T08:21:52Z rows=295 delay(dht11)=5.176 delay(camera)=5.597 delay(max)=5.227
[PROGRESS] ts=2026-01-17T08:21:53Z rows=296 delay(dht11)=5.170 delay(camera)=5.503 delay(max)=5.185
[PROGRESS] ts=2026-01-17T08:21:54Z rows=297 delay(dht11)=5.179 delay(camera)=5.821 delay(max)=5.185
[PROGRESS] ts=2026-01-17T08:21:55Z rows=298 delay(dht11)=5.165 delay(camera)=5.635 delay(max)=5.185
[PROGRESS] ts=2026-01-17T08:21:56Z rows=299 delay(dht11)=5.183 delay(camera)=5.635 delay(max)=5.312
[PROGRESS] ts=2026-01-17T08:21:57Z rows=300 delay(dht11)=5.450 delay(camera)=5.635 delay(max)=5.312
[PROGRESS] ts=2026-01-17T08:21:59Z rows=301 delay(dht11)=5.209 delay(camera)=5.635 delay(max)=5.209
[PROGRESS] ts=2026-01-17T08:22:00Z rows=302 delay(dht11)=5.183 delay(camera)=5.366 delay(max)=5.209
[PROGRESS] ts=2026-01-17T08:22:01Z rows=303 delay(dht11)=5.332 delay(camera)=5.366 delay(max)=5.209
[PROGRESS] ts=2026-01-17T08:22:02Z rows=304 delay(dht11)=5.923 delay(camera)=5.366 delay(max)=5.213
[PROGRESS] ts=2026-01-17T08:22:03Z rows=305 delay(dht11)=5.171 delay(camera)=5.366 delay(max)=5.213
[PROGRESS] ts=2026-01-17T08:22:04Z rows=306 delay(dht11)=5.191 delay(camera)=5.497 delay(max)=5.213
[PROGRESS] ts=2026-01-17T08:22:05Z rows=307 delay(dht11)=5.188 delay(camera)=5.497 delay(max)=5.158
[PROGRESS] ts=2026-01-17T08:22:06Z rows=308 delay(dht11)=5.178 delay(camera)=5.497 delay(max)=5.158
[PROGRESS] ts=2026-01-17T08:22:08Z rows=309 delay(dht11)=5.230 delay(camera)=5.497 delay(max)=5.257
[PROGRESS] ts=2026-01-17T08:22:09Z rows=310 delay(dht11)=5.170 delay(camera)=5.419 delay(max)=5.257
[PROGRESS] ts=2026-01-17T08:22:10Z rows=311 delay(dht11)=5.170 delay(camera)=5.682 delay(max)=5.257
[PROGRESS] ts=2026-01-17T08:22:11Z rows=312 delay(dht11)=9.494 delay(camera)=5.682 delay(max)=5.211
[PROGRESS] ts=2026-01-17T08:22:12Z rows=313 delay(dht11)=5.198 delay(camera)=5.430 delay(max)=5.211
[PROGRESS] ts=2026-01-17T08:22:13Z rows=314 delay(dht11)=5.165 delay(camera)=5.430 delay(max)=5.211
[PROGRESS] ts=2026-01-17T08:22:14Z rows=315 delay(dht11)=5.199 delay(camera)=5.430 delay(max)=5.597
[PROGRESS] ts=2026-01-17T08:22:15Z rows=316 delay(dht11)=5.204 delay(camera)=5.478 delay(max)=5.597
[PROGRESS] ts=2026-01-17T08:22:17Z rows=317 delay(dht11)=5.204 delay(camera)=5.478 delay(max)=5.202
[PROGRESS] ts=2026-01-17T08:22:18Z rows=318 delay(dht11)=5.313 delay(camera)=5.478 delay(max)=5.202
[PROGRESS] ts=2026-01-17T08:22:19Z rows=319 delay(dht11)=5.211 delay(camera)=5.646 delay(max)=5.202
[PROGRESS] ts=2026-01-17T08:22:20Z rows=320 delay(dht11)=5.259 delay(camera)=5.496 delay(max)=5.327
[PROGRESS] ts=2026-01-17T08:22:21Z rows=321 delay(dht11)=5.234 delay(camera)=5.496 delay(max)=5.327
[PROGRESS] ts=2026-01-17T08:22:22Z rows=322 delay(dht11)=5.174 delay(camera)=5.754 delay(max)=5.327
[PROGRESS] ts=2026-01-17T08:22:23Z rows=323 delay(dht11)=5.194 delay(camera)=5.754 delay(max)=8.144
[PROGRESS] ts=2026-01-17T08:22:24Z rows=324 delay(dht11)=5.206 delay(camera)=5.430 delay(max)=8.144
[PROGRESS] ts=2026-01-17T08:22:26Z rows=325 delay(dht11)=5.168 delay(camera)=5.430 delay(max)=5.217
[PROGRESS] ts=2026-01-17T08:22:27Z rows=326 delay(dht11)=5.217 delay(camera)=5.677 delay(max)=5.217
[PROGRESS] ts=2026-01-17T08:22:28Z rows=327 delay(dht11)=5.192 delay(camera)=5.677 delay(max)=5.217
[PROGRESS] ts=2026-01-17T08:22:29Z rows=328 delay(dht11)=5.174 delay(camera)=5.556 delay(max)=5.254
[PROGRESS] ts=2026-01-17T08:22:30Z rows=329 delay(dht11)=5.219 delay(camera)=5.556 delay(max)=5.254
[PROGRESS] ts=2026-01-17T08:22:31Z rows=330 delay(dht11)=5.335 delay(camera)=5.526 delay(max)=5.254
[PROGRESS] ts=2026-01-17T08:22:32Z rows=331 delay(dht11)=5.232 delay(camera)=5.526 delay(max)=5.194
[PROGRESS] ts=2026-01-17T08:22:33Z rows=332 delay(dht11)=5.706 delay(camera)=5.526 delay(max)=5.194
[PROGRESS] ts=2026-01-17T08:22:34Z rows=333 delay(dht11)=5.437 delay(camera)=5.526 delay(max)=5.247
[PROGRESS] ts=2026-01-17T08:22:36Z rows=334 delay(dht11)=5.213 delay(camera)=5.425 delay(max)=5.247
[PROGRESS] ts=2026-01-17T08:22:37Z rows=335 delay(dht11)=5.222 delay(camera)=5.425 delay(max)=5.247
[PROGRESS] ts=2026-01-17T08:22:38Z rows=336 delay(dht11)=5.188 delay(camera)=5.425 delay(max)=5.198
[PROGRESS] ts=2026-01-17T08:22:39Z rows=337 delay(dht11)=5.188 delay(camera)=5.425 delay(max)=5.198
[PROGRESS] ts=2026-01-17T08:22:40Z rows=338 delay(dht11)=5.211 delay(camera)=5.425 delay(max)=5.198
[PROGRESS] ts=2026-01-17T08:22:41Z rows=339 delay(dht11)=5.180 delay(camera)=5.536 delay(max)=5.238
[PROGRESS] ts=2026-01-17T08:22:42Z rows=340 delay(dht11)=5.237 delay(camera)=5.536 delay(max)=5.238
[PROGRESS] ts=2026-01-17T08:22:44Z rows=341 delay(dht11)=5.211 delay(camera)=5.536 delay(max)=5.199
[PROGRESS] ts=2026-01-17T08:22:45Z rows=342 delay(dht11)=5.197 delay(camera)=5.536 delay(max)=5.199
[PROGRESS] ts=2026-01-17T08:22:46Z rows=343 delay(dht11)=5.185 delay(camera)=5.445 delay(max)=5.199
[PROGRESS] ts=2026-01-17T08:22:47Z rows=344 delay(dht11)=5.213 delay(camera)=5.445 delay(max)=5.337
[PROGRESS] ts=2026-01-17T08:22:48Z rows=345 delay(dht11)=5.230 delay(camera)=5.574 delay(max)=5.337
[PROGRESS] ts=2026-01-17T08:22:49Z rows=346 delay(dht11)=5.226 delay(camera)=5.574 delay(max)=5.337
[PROGRESS] ts=2026-01-17T08:22:50Z rows=347 delay(dht11)=5.172 delay(camera)=5.491 delay(max)=5.199
[PROGRESS] ts=2026-01-17T08:22:51Z rows=348 delay(dht11)=5.229 delay(camera)=5.727 delay(max)=5.199
[PROGRESS] ts=2026-01-17T08:22:53Z rows=349 delay(dht11)=5.242 delay(camera)=5.727 delay(max)=5.239
[PROGRESS] ts=2026-01-17T08:22:54Z rows=350 delay(dht11)=5.188 delay(camera)=5.727 delay(max)=5.239
[PROGRESS] ts=2026-01-17T08:22:55Z rows=351 delay(dht11)=5.224 delay(camera)=5.727 delay(max)=5.239
[PROGRESS] ts=2026-01-17T08:22:56Z rows=352 delay(dht11)=5.232 delay(camera)=5.727 delay(max)=5.224
[PROGRESS] ts=2026-01-17T08:22:57Z rows=353 delay(dht11)=5.236 delay(camera)=6.019 delay(max)=5.224
[PROGRESS] ts=2026-01-17T08:22:58Z rows=354 delay(dht11)=5.209 delay(camera)=6.019 delay(max)=5.224
[PROGRESS] ts=2026-01-17T08:22:59Z rows=355 delay(dht11)=5.212 delay(camera)=6.019 delay(max)=5.235
[PROGRESS] ts=2026-01-17T08:23:00Z rows=356 delay(dht11)=5.241 delay(camera)=5.754 delay(max)=5.235
[PROGRESS] ts=2026-01-17T08:23:02Z rows=357 delay(dht11)=5.301 delay(camera)=5.754 delay(max)=5.285
[PROGRESS] ts=2026-01-17T08:23:03Z rows=358 delay(dht11)=5.794 delay(camera)=5.754 delay(max)=5.285
[PROGRESS] ts=2026-01-17T08:23:04Z rows=359 delay(dht11)=5.296 delay(camera)=5.754 delay(max)=5.285
[PROGRESS] ts=2026-01-17T08:23:05Z rows=360 delay(dht11)=5.560 delay(camera)=5.713 delay(max)=5.360
[PROGRESS] ts=2026-01-17T08:23:06Z rows=361 delay(dht11)=5.201 delay(camera)=5.713 delay(max)=5.360
[PROGRESS] ts=2026-01-17T08:23:07Z rows=362 delay(dht11)=5.388 delay(camera)=5.713 delay(max)=5.360
[PROGRESS] ts=2026-01-17T08:23:08Z rows=363 delay(dht11)=5.281 delay(camera)=5.558 delay(max)=5.237
[PROGRESS] ts=2026-01-17T08:23:09Z rows=364 delay(dht11)=5.208 delay(camera)=5.558 delay(max)=5.237
[PROGRESS] ts=2026-01-17T08:23:11Z rows=365 delay(dht11)=5.246 delay(camera)=5.558 delay(max)=5.237
[PROGRESS] ts=2026-01-17T08:23:12Z rows=366 delay(dht11)=5.219 delay(camera)=5.592 delay(max)=5.237
[PROGRESS] ts=2026-01-17T08:23:13Z rows=367 delay(dht11)=5.945 delay(camera)=5.540 delay(max)=5.237
[PROGRESS] ts=2026-01-17T08:23:14Z rows=368 delay(dht11)=5.245 delay(camera)=5.540 delay(max)=5.234
[PROGRESS] ts=2026-01-17T08:23:15Z rows=369 delay(dht11)=5.411 delay(camera)=5.748 delay(max)=5.234
[PROGRESS] ts=2026-01-17T08:23:16Z rows=370 delay(dht11)=5.210 delay(camera)=5.748 delay(max)=5.234
[PROGRESS] ts=2026-01-17T08:23:17Z rows=371 delay(dht11)=5.343 delay(camera)=5.748 delay(max)=5.219
[PROGRESS] ts=2026-01-17T08:23:18Z rows=372 delay(dht11)=5.260 delay(camera)=5.748 delay(max)=5.219
[PROGRESS] ts=2026-01-17T08:23:20Z rows=373 delay(dht11)=5.337 delay(camera)=7.120 delay(max)=5.235
[PROGRESS] ts=2026-01-17T08:23:21Z rows=374 delay(dht11)=6.151 delay(camera)=7.120 delay(max)=5.235
[PROGRESS] ts=2026-01-17T08:23:22Z rows=375 delay(dht11)=5.289 delay(camera)=7.120 delay(max)=5.235
[PROGRESS] ts=2026-01-17T08:23:23Z rows=376 delay(dht11)=5.291 delay(camera)=7.120 delay(max)=5.272
[PROGRESS] ts=2026-01-17T08:23:24Z rows=377 delay(dht11)=5.376 delay(camera)=5.674 delay(max)=5.272
[PROGRESS] ts=2026-01-17T08:23:25Z rows=378 delay(dht11)=5.203 delay(camera)=5.674 delay(max)=5.272
[PROGRESS] ts=2026-01-17T08:23:26Z rows=379 delay(dht11)=5.279 delay(camera)=5.674 delay(max)=5.404
[PROGRESS] ts=2026-01-17T08:23:27Z rows=380 delay(dht11)=5.267 delay(camera)=5.674 delay(max)=5.404
[PROGRESS] ts=2026-01-17T08:23:28Z rows=381 delay(dht11)=5.248 delay(camera)=5.444 delay(max)=5.540
[PROGRESS] ts=2026-01-17T08:23:30Z rows=382 delay(dht11)=5.236 delay(camera)=5.444 delay(max)=5.540
[PROGRESS] ts=2026-01-17T08:23:31Z rows=383 delay(dht11)=5.223 delay(camera)=5.442 delay(max)=5.540
[PROGRESS] ts=2026-01-17T08:23:32Z rows=384 delay(dht11)=5.241 delay(camera)=5.442 delay(max)=5.260
[PROGRESS] ts=2026-01-17T08:23:33Z rows=385 delay(dht11)=5.288 delay(camera)=5.704 delay(max)=5.260
[PROGRESS] ts=2026-01-17T08:23:34Z rows=386 delay(dht11)=5.251 delay(camera)=5.704 delay(max)=5.260
[PROGRESS] ts=2026-01-17T08:23:35Z rows=387 delay(dht11)=5.240 delay(camera)=5.704 delay(max)=5.498
[PROGRESS] ts=2026-01-17T08:23:36Z rows=388 delay(dht11)=5.249 delay(camera)=5.704 delay(max)=5.498
[PROGRESS] ts=2026-01-17T08:23:37Z rows=389 delay(dht11)=5.327 delay(camera)=5.580 delay(max)=5.239
[PROGRESS] ts=2026-01-17T08:23:39Z rows=390 delay(dht11)=5.290 delay(camera)=5.580 delay(max)=5.239
[PROGRESS] ts=2026-01-17T08:23:40Z rows=391 delay(dht11)=5.239 delay(camera)=5.580 delay(max)=5.239
[PROGRESS] ts=2026-01-17T08:23:41Z rows=392 delay(dht11)=5.239 delay(camera)=5.580 delay(max)=5.299
[PROGRESS] ts=2026-01-17T08:23:42Z rows=393 delay(dht11)=5.229 delay(camera)=5.492 delay(max)=5.299
[PROGRESS] ts=2026-01-17T08:23:43Z rows=394 delay(dht11)=5.417 delay(camera)=5.492 delay(max)=5.299
[PROGRESS] ts=2026-01-17T08:23:44Z rows=395 delay(dht11)=5.410 delay(camera)=5.492 delay(max)=5.246
[PROGRESS] ts=2026-01-17T08:23:45Z rows=396 delay(dht11)=5.342 delay(camera)=5.492 delay(max)=5.246
[PROGRESS] ts=2026-01-17T08:23:46Z rows=397 delay(dht11)=5.384 delay(camera)=5.693 delay(max)=5.241
[PROGRESS] ts=2026-01-17T08:23:48Z rows=398 delay(dht11)=5.500 delay(camera)=5.693 delay(max)=5.241
[PROGRESS] ts=2026-01-17T08:23:49Z rows=399 delay(dht11)=5.256 delay(camera)=5.693 delay(max)=5.241
[PROGRESS] ts=2026-01-17T08:23:50Z rows=400 delay(dht11)=5.274 delay(camera)=5.693 delay(max)=5.293
[PROGRESS] ts=2026-01-17T08:23:51Z rows=401 delay(dht11)=5.225 delay(camera)=5.693 delay(max)=5.293
[PROGRESS] ts=2026-01-17T08:23:52Z rows=402 delay(dht11)=5.259 delay(camera)=5.599 delay(max)=5.293
[PROGRESS] ts=2026-01-17T08:23:53Z rows=403 delay(dht11)=5.228 delay(camera)=5.599 delay(max)=5.275
[PROGRESS] ts=2026-01-17T08:23:54Z rows=404 delay(dht11)=5.241 delay(camera)=5.599 delay(max)=5.275
[PROGRESS] ts=2026-01-17T08:23:56Z rows=405 delay(dht11)=5.232 delay(camera)=5.627 delay(max)=5.405
[PROGRESS] ts=2026-01-17T08:23:57Z rows=406 delay(dht11)=5.466 delay(camera)=5.627 delay(max)=5.405
[PROGRESS] ts=2026-01-17T08:23:58Z rows=407 delay(dht11)=5.253 delay(camera)=5.713 delay(max)=5.405
[PROGRESS] ts=2026-01-17T08:23:59Z rows=408 delay(dht11)=5.211 delay(camera)=5.713 delay(max)=5.324
[PROGRESS] ts=2026-01-17T08:24:00Z rows=409 delay(dht11)=8.337 delay(camera)=5.713 delay(max)=5.324
[PROGRESS] ts=2026-01-17T08:24:01Z rows=410 delay(dht11)=5.212 delay(camera)=5.464 delay(max)=5.324
[PROGRESS] ts=2026-01-17T08:24:02Z rows=411 delay(dht11)=5.269 delay(camera)=5.464 delay(max)=5.335
[PROGRESS] ts=2026-01-17T08:24:03Z rows=412 delay(dht11)=5.234 delay(camera)=5.464 delay(max)=5.335
[PROGRESS] ts=2026-01-17T08:24:05Z rows=413 delay(dht11)=5.219 delay(camera)=5.459 delay(max)=5.257
[PROGRESS] ts=2026-01-17T08:24:06Z rows=414 delay(dht11)=5.295 delay(camera)=5.459 delay(max)=5.257
[PROGRESS] ts=2026-01-17T08:24:07Z rows=415 delay(dht11)=5.295 delay(camera)=5.459 delay(max)=5.257
[PROGRESS] ts=2026-01-17T08:24:08Z rows=416 delay(dht11)=5.295 delay(camera)=5.459 delay(max)=5.257
[PROGRESS] ts=2026-01-17T08:24:09Z rows=417 delay(dht11)=5.295 delay(camera)=5.459 delay(max)=1857.280
[PROGRESS] ts=2026-01-17T08:24:10Z rows=418 delay(dht11)=5.295 delay(camera)=1843.918 delay(max)=1857.280
[PROGRESS] ts=2026-01-17T08:24:11Z rows=419 delay(dht11)=1745.955 delay(camera)=1843.918 delay(max)=554.241
[PROGRESS] ts=2026-01-17T08:24:12Z rows=420 delay(dht11)=1745.955 delay(camera)=1843.918 delay(max)=554.241
[PROGRESS] ts=2026-01-17T08:24:14Z rows=421 delay(dht11)=2224.609 delay(camera)=1843.918 delay(max)=554.241
[PROGRESS] ts=2026-01-17T08:24:15Z rows=422 delay(dht11)=3103.443 delay(camera)=1843.918 delay(max)=554.241
[PROGRESS] ts=2026-01-17T08:24:16Z rows=423 delay(dht11)=3103.443 delay(camera)=1843.918 delay(max)=554.241
[PROGRESS] ts=2026-01-17T08:24:17Z rows=424 delay(dht11)=5.225 delay(camera)=1843.918 delay(max)=236.028
[PROGRESS] ts=2026-01-17T08:24:18Z rows=425 delay(dht11)=5.254 delay(camera)=5.469 delay(max)=236.028
[PROGRESS] ts=2026-01-17T08:24:19Z rows=426 delay(dht11)=5.247 delay(camera)=5.469 delay(max)=236.028
[PROGRESS] ts=2026-01-17T08:24:20Z rows=427 delay(dht11)=5.241 delay(camera)=5.469 delay(max)=5.246
[PROGRESS] ts=2026-01-17T08:24:21Z rows=428 delay(dht11)=5.272 delay(camera)=5.711 delay(max)=5.246
[PROGRESS] ts=2026-01-17T08:24:23Z rows=429 delay(dht11)=5.338 delay(camera)=5.711 delay(max)=5.258
[PROGRESS] ts=2026-01-17T08:24:24Z rows=430 delay(dht11)=5.221 delay(camera)=5.711 delay(max)=5.258
[PROGRESS] ts=2026-01-17T08:24:25Z rows=431 delay(dht11)=5.252 delay(camera)=5.711 delay(max)=5.258
[PROGRESS] ts=2026-01-17T08:24:26Z rows=432 delay(dht11)=5.241 delay(camera)=5.566 delay(max)=5.245
[PROGRESS] ts=2026-01-17T08:24:27Z rows=433 delay(dht11)=5.216 delay(camera)=5.566 delay(max)=5.245
[PROGRESS] ts=2026-01-17T08:24:28Z rows=434 delay(dht11)=5.229 delay(camera)=5.566 delay(max)=5.245
[PROGRESS] ts=2026-01-17T08:24:29Z rows=435 delay(dht11)=5.276 delay(camera)=5.715 delay(max)=5.407
[PROGRESS] ts=2026-01-17T08:24:30Z rows=436 delay(dht11)=5.366 delay(camera)=5.541 delay(max)=5.407
[PROGRESS] ts=2026-01-17T08:24:32Z rows=437 delay(dht11)=5.310 delay(camera)=5.541 delay(max)=5.267
[PROGRESS] ts=2026-01-17T08:24:33Z rows=438 delay(dht11)=5.264 delay(camera)=5.541 delay(max)=5.267
[PROGRESS] ts=2026-01-17T08:24:34Z rows=439 delay(dht11)=5.313 delay(camera)=5.820 delay(max)=5.267
[PROGRESS] ts=2026-01-17T08:24:35Z rows=440 delay(dht11)=5.238 delay(camera)=5.820 delay(max)=5.298
[PROGRESS] ts=2026-01-17T08:24:36Z rows=441 delay(dht11)=5.250 delay(camera)=5.820 delay(max)=5.298
[PROGRESS] ts=2026-01-17T08:24:37Z rows=442 delay(dht11)=5.224 delay(camera)=5.820 delay(max)=5.298
[PROGRESS] ts=2026-01-17T08:24:38Z rows=443 delay(dht11)=5.299 delay(camera)=5.820 delay(max)=5.264
[PROGRESS] ts=2026-01-17T08:24:39Z rows=444 delay(dht11)=5.260 delay(camera)=5.567 delay(max)=5.264
[PROGRESS] ts=2026-01-17T08:24:41Z rows=445 delay(dht11)=5.238 delay(camera)=5.567 delay(max)=5.259
[PROGRESS] ts=2026-01-17T08:24:42Z rows=446 delay(dht11)=5.263 delay(camera)=5.567 delay(max)=5.259
[PROGRESS] ts=2026-01-17T08:24:43Z rows=447 delay(dht11)=5.315 delay(camera)=5.567 delay(max)=5.259
[PROGRESS] ts=2026-01-17T08:24:44Z rows=448 delay(dht11)=5.352 delay(camera)=5.565 delay(max)=5.320
[PROGRESS] ts=2026-01-17T08:24:45Z rows=449 delay(dht11)=5.378 delay(camera)=5.565 delay(max)=5.320
[PROGRESS] ts=2026-01-17T08:24:46Z rows=450 delay(dht11)=5.301 delay(camera)=5.565 delay(max)=5.320
[PROGRESS] ts=2026-01-17T08:24:47Z rows=451 delay(dht11)=5.301 delay(camera)=5.565 delay(max)=5.296
[PROGRESS] ts=2026-01-17T08:24:48Z rows=452 delay(dht11)=5.275 delay(camera)=5.565 delay(max)=5.296
[PROGRESS] ts=2026-01-17T08:24:50Z rows=453 delay(dht11)=5.372 delay(camera)=5.839 delay(max)=5.292
[PROGRESS] ts=2026-01-17T08:24:51Z rows=454 delay(dht11)=5.386 delay(camera)=5.839 delay(max)=5.292
[PROGRESS] ts=2026-01-17T08:24:52Z rows=455 delay(dht11)=5.372 delay(camera)=5.839 delay(max)=5.292
[PROGRESS] ts=2026-01-17T08:24:53Z rows=456 delay(dht11)=5.299 delay(camera)=5.839 delay(max)=5.727
[PROGRESS] ts=2026-01-17T08:24:54Z rows=457 delay(dht11)=5.248 delay(camera)=5.839 delay(max)=5.727
[PROGRESS] ts=2026-01-17T08:24:55Z rows=458 delay(dht11)=5.291 delay(camera)=5.495 delay(max)=5.727
[PROGRESS] ts=2026-01-17T08:24:56Z rows=459 delay(dht11)=5.342 delay(camera)=5.633 delay(max)=5.247
[PROGRESS] ts=2026-01-17T08:24:57Z rows=460 delay(dht11)=5.338 delay(camera)=5.633 delay(max)=5.247
[PROGRESS] ts=2026-01-17T08:24:58Z rows=461 delay(dht11)=5.277 delay(camera)=5.633 delay(max)=5.241
[PROGRESS] ts=2026-01-17T08:25:00Z rows=462 delay(dht11)=5.262 delay(camera)=5.633 delay(max)=5.241
[PROGRESS] ts=2026-01-17T08:25:01Z rows=463 delay(dht11)=5.383 delay(camera)=5.521 delay(max)=5.241
[PROGRESS] ts=2026-01-17T08:25:02Z rows=464 delay(dht11)=5.271 delay(camera)=5.521 delay(max)=5.283
[PROGRESS] ts=2026-01-17T08:25:03Z rows=465 delay(dht11)=5.424 delay(camera)=5.521 delay(max)=5.283
[PROGRESS] ts=2026-01-17T08:25:04Z rows=466 delay(dht11)=5.257 delay(camera)=5.663 delay(max)=5.283
[PROGRESS] ts=2026-01-17T08:25:05Z rows=467 delay(dht11)=5.289 delay(camera)=5.703 delay(max)=5.255
[PROGRESS] ts=2026-01-17T08:25:06Z rows=468 delay(dht11)=5.302 delay(camera)=5.703 delay(max)=5.255
[PROGRESS] ts=2026-01-17T08:25:07Z rows=469 delay(dht11)=5.463 delay(camera)=5.703 delay(max)=5.383
[PROGRESS] ts=2026-01-17T08:25:09Z rows=470 delay(dht11)=5.341 delay(camera)=5.752 delay(max)=5.383
[PROGRESS] ts=2026-01-17T08:25:10Z rows=471 delay(dht11)=5.279 delay(camera)=5.752 delay(max)=5.383
[PROGRESS] ts=2026-01-17T08:25:11Z rows=472 delay(dht11)=5.337 delay(camera)=5.752 delay(max)=5.345
[PROGRESS] ts=2026-01-17T08:25:12Z rows=473 delay(dht11)=5.655 delay(camera)=5.752 delay(max)=5.345
[PROGRESS] ts=2026-01-17T08:25:13Z rows=474 delay(dht11)=5.355 delay(camera)=5.568 delay(max)=5.345
[PROGRESS] ts=2026-01-17T08:25:14Z rows=475 delay(dht11)=6.252 delay(camera)=5.657 delay(max)=5.299
[PROGRESS] ts=2026-01-17T08:25:15Z rows=476 delay(dht11)=5.284 delay(camera)=5.657 delay(max)=5.299
[PROGRESS] ts=2026-01-17T08:25:16Z rows=477 delay(dht11)=5.325 delay(camera)=5.657 delay(max)=5.343
[PROGRESS] ts=2026-01-17T08:25:17Z rows=478 delay(dht11)=5.306 delay(camera)=5.657 delay(max)=5.343
[PROGRESS] ts=2026-01-17T08:25:19Z rows=479 delay(dht11)=5.280 delay(camera)=5.582 delay(max)=5.343
[PROGRESS] ts=2026-01-17T08:25:20Z rows=480 delay(dht11)=5.353 delay(camera)=5.504 delay(max)=5.368
[PROGRESS] ts=2026-01-17T08:25:21Z rows=481 delay(dht11)=5.298 delay(camera)=5.504 delay(max)=5.368
[PROGRESS] ts=2026-01-17T08:25:22Z rows=482 delay(dht11)=5.361 delay(camera)=5.504 delay(max)=5.368
[PROGRESS] ts=2026-01-17T08:25:23Z rows=483 delay(dht11)=5.285 delay(camera)=5.504 delay(max)=5.331
[PROGRESS] ts=2026-01-17T08:25:24Z rows=484 delay(dht11)=5.287 delay(camera)=5.504 delay(max)=5.331
[PROGRESS] ts=2026-01-17T08:25:25Z rows=485 delay(dht11)=5.280 delay(camera)=5.684 delay(max)=5.347
[PROGRESS] ts=2026-01-17T08:25:26Z rows=486 delay(dht11)=5.301 delay(camera)=5.669 delay(max)=5.347
[PROGRESS] ts=2026-01-17T08:25:28Z rows=487 delay(dht11)=5.291 delay(camera)=5.630 delay(max)=5.347
[PROGRESS] ts=2026-01-17T08:25:29Z rows=488 delay(dht11)=5.245 delay(camera)=5.630 delay(max)=5.277
[PROGRESS] ts=2026-01-17T08:25:30Z rows=489 delay(dht11)=5.262 delay(camera)=5.630 delay(max)=5.277
[PROGRESS] ts=2026-01-17T08:25:31Z rows=490 delay(dht11)=5.403 delay(camera)=5.630 delay(max)=5.277
[PROGRESS] ts=2026-01-17T08:25:32Z rows=491 delay(dht11)=5.367 delay(camera)=5.819 delay(max)=5.547
[PROGRESS] ts=2026-01-17T08:25:33Z rows=492 delay(dht11)=5.333 delay(camera)=5.819 delay(max)=5.547
[PROGRESS] ts=2026-01-17T08:25:34Z rows=493 delay(dht11)=5.305 delay(camera)=5.819 delay(max)=5.547
[PROGRESS] ts=2026-01-17T08:25:35Z rows=494 delay(dht11)=5.338 delay(camera)=5.819 delay(max)=5.281
[PROGRESS] ts=2026-01-17T08:25:36Z rows=495 delay(dht11)=5.438 delay(camera)=5.632 delay(max)=5.281
[PROGRESS] ts=2026-01-17T08:25:38Z rows=496 delay(dht11)=5.329 delay(camera)=5.632 delay(max)=5.557
[PROGRESS] ts=2026-01-17T08:25:39Z rows=497 delay(dht11)=5.376 delay(camera)=5.762 delay(max)=5.557
[PROGRESS] ts=2026-01-17T08:25:40Z rows=498 delay(dht11)=5.282 delay(camera)=5.636 delay(max)=5.557
[PROGRESS] ts=2026-01-17T08:25:41Z rows=499 delay(dht11)=5.332 delay(camera)=5.636 delay(max)=5.403
[PROGRESS] ts=2026-01-17T08:25:42Z rows=500 delay(dht11)=5.383 delay(camera)=5.636 delay(max)=5.403
[PROGRESS] ts=2026-01-17T08:25:43Z rows=501 delay(dht11)=5.290 delay(camera)=5.491 delay(max)=5.403
[PROGRESS] ts=2026-01-17T08:25:44Z rows=502 delay(dht11)=5.307 delay(camera)=5.491 delay(max)=5.362
[PROGRESS] ts=2026-01-17T08:25:45Z rows=503 delay(dht11)=5.354 delay(camera)=5.491 delay(max)=5.362
[PROGRESS] ts=2026-01-17T08:25:47Z rows=504 delay(dht11)=5.309 delay(camera)=5.491 delay(max)=5.350
[PROGRESS] ts=2026-01-17T08:25:48Z rows=505 delay(dht11)=5.260 delay(camera)=5.604 delay(max)=5.350
[PROGRESS] ts=2026-01-17T08:25:49Z rows=506 delay(dht11)=5.383 delay(camera)=5.604 delay(max)=5.350
[PROGRESS] ts=2026-01-17T08:25:50Z rows=507 delay(dht11)=5.437 delay(camera)=5.833 delay(max)=5.462
[PROGRESS] ts=2026-01-17T08:25:51Z rows=508 delay(dht11)=5.437 delay(camera)=5.833 delay(max)=5.462
[PROGRESS] ts=2026-01-17T08:25:52Z rows=509 delay(dht11)=5.437 delay(camera)=5.833 delay(max)=5.462
[PROGRESS] ts=2026-01-17T08:25:53Z rows=510 delay(dht11)=5.286 delay(camera)=5.797 delay(max)=5.365
[PROGRESS] ts=2026-01-17T08:25:54Z rows=511 delay(dht11)=5.286 delay(camera)=5.667 delay(max)=5.365
[PROGRESS] ts=2026-01-17T08:25:55Z rows=512 delay(dht11)=5.286 delay(camera)=5.667 delay(max)=5.401
[PROGRESS] ts=2026-01-17T08:25:57Z rows=513 delay(dht11)=5.259 delay(camera)=5.579 delay(max)=5.401
[PROGRESS] ts=2026-01-17T08:25:58Z rows=514 delay(dht11)=5.259 delay(camera)=5.579 delay(max)=5.373
[PROGRESS] ts=2026-01-17T08:25:59Z rows=515 delay(dht11)=5.259 delay(camera)=5.650 delay(max)=5.373
[PROGRESS] ts=2026-01-17T08:26:00Z rows=516 delay(dht11)=5.361 delay(camera)=5.650 delay(max)=5.452
[PROGRESS] ts=2026-01-17T08:26:01Z rows=517 delay(dht11)=5.361 delay(camera)=5.650 delay(max)=5.452
[PROGRESS] ts=2026-01-17T08:26:02Z rows=518 delay(dht11)=5.331 delay(camera)=5.650 delay(max)=5.426
[PROGRESS] ts=2026-01-17T08:26:03Z rows=519 delay(dht11)=5.331 delay(camera)=5.650 delay(max)=5.426
[PROGRESS] ts=2026-01-17T08:26:04Z rows=520 delay(dht11)=5.331 delay(camera)=5.630 delay(max)=5.353
[PROGRESS] ts=2026-01-17T08:26:05Z rows=521 delay(dht11)=5.268 delay(camera)=5.792 delay(max)=5.642
[PROGRESS] ts=2026-01-17T08:26:07Z rows=522 delay(dht11)=5.268 delay(camera)=5.792 delay(max)=5.642
[PROGRESS] ts=2026-01-17T08:26:08Z rows=523 delay(dht11)=5.268 delay(camera)=5.792 delay(max)=5.370
[PROGRESS] ts=2026-01-17T08:26:09Z rows=524 delay(dht11)=5.397 delay(camera)=5.792 delay(max)=5.370
[PROGRESS] ts=2026-01-17T08:26:10Z rows=525 delay(dht11)=5.397 delay(camera)=5.708 delay(max)=5.479
[PROGRESS] ts=2026-01-17T08:26:11Z rows=526 delay(dht11)=5.631 delay(camera)=5.708 delay(max)=5.479
[PROGRESS] ts=2026-01-17T08:26:12Z rows=527 delay(dht11)=5.631 delay(camera)=5.708 delay(max)=5.333
[PROGRESS] ts=2026-01-17T08:26:13Z rows=528 delay(dht11)=5.631 delay(camera)=5.760 delay(max)=5.372
[PROGRESS] ts=2026-01-17T08:26:14Z rows=529 delay(dht11)=5.326 delay(camera)=5.760 delay(max)=5.372
[PROGRESS] ts=2026-01-17T08:26:16Z rows=530 delay(dht11)=5.326 delay(camera)=5.760 delay(max)=5.329
[PROGRESS] ts=2026-01-17T08:26:17Z rows=531 delay(dht11)=5.326 delay(camera)=5.677 delay(max)=5.329
[PROGRESS] ts=2026-01-17T08:26:18Z rows=532 delay(dht11)=5.290 delay(camera)=5.677 delay(max)=5.319
[PROGRESS] ts=2026-01-17T08:26:19Z rows=533 delay(dht11)=5.290 delay(camera)=5.553 delay(max)=5.319
[PROGRESS] ts=2026-01-17T08:26:20Z rows=534 delay(dht11)=5.340 delay(camera)=5.650 delay(max)=5.313
[DONE] Saved -> /home/ovs/sdn-iot/pengujian/allport/dataset_dqn.csv
